<?xml version="1.0" encoding="UTF-8"?>
<testng-results ignored="0" total="1" passed="1" failed="0" skipped="0">
  <reporter-output>
  </reporter-output>
  <suite started-at="2022-04-07T11:51:00 ALMT" name="Default suite" finished-at="2022-04-07T11:51:05 ALMT" duration-ms="5531">
    <groups>
    </groups>
    <test started-at="2022-04-07T11:51:00 ALMT" name="Default test" finished-at="2022-04-07T11:51:05 ALMT" duration-ms="5531">
      <class name="Testcase.TC005_Refresh">
        <test-method is-config="true" signature="setDriver()[pri:0, instance:Testcase.TC005_Refresh@67f639d3]" started-at="2022-04-07T11:50:54 ALMT" name="setDriver" finished-at="2022-04-07T11:51:00 ALMT" duration-ms="5064" status="PASS">
          <reporter-output>
          </reporter-output>
        </test-method> <!-- setDriver -->
        <test-method signature="refreshPage()[pri:0, instance:Testcase.TC005_Refresh@67f639d3]" started-at="2022-04-07T11:51:00 ALMT" name="refreshPage" finished-at="2022-04-07T11:51:05 ALMT" duration-ms="5503" status="PASS">
          <reporter-output>
          </reporter-output>
        </test-method> <!-- refreshPage -->
        <test-method is-config="true" signature="close()[pri:0, instance:Testcase.TC005_Refresh@67f639d3]" started-at="2022-04-07T11:51:05 ALMT" name="close" finished-at="2022-04-07T11:51:05 ALMT" duration-ms="56" status="PASS">
          <reporter-output>
          </reporter-output>
        </test-method> <!-- close -->
      </class> <!-- Testcase.TC005_Refresh -->
    </test> <!-- Default test -->
  </suite> <!-- Default suite -->
</testng-results>
